
MXM
  C/OpenMP version.

  Matrix multiplication tests.

  Number of processors available = 16
  Number of threads =              18
  Scheduling Policy =              Static
  Chunk Size =                     1

R8_MXM matrix multiplication timing.
  A(LxN) = B(LxM) * C(MxN).
  L = 2000
  M = 2000
  N = 2000
  Floating point OPS roughly -1179869184
  Elapsed time dT = 17.441320
  Rate = MegaOPS/dT = -67.647928

MXM:
  Normal end of execution.

MXM
  C/OpenMP version.

  Matrix multiplication tests.

  Number of processors available = 16
  Number of threads =              18
  Scheduling Policy =              Static
  Chunk Size =                     1

R8_MXM matrix multiplication timing.
  A(LxN) = B(LxM) * C(MxN).
  L = 2000
  M = 2000
  N = 2000
  Floating point OPS roughly -1179869184
  Elapsed time dT = 15.703696
  Rate = MegaOPS/dT = -75.133216

MXM:
  Normal end of execution.

MXM
  C/OpenMP version.

  Matrix multiplication tests.

  Number of processors available = 16
  Number of threads =              18
  Scheduling Policy =              Static
  Chunk Size =                     1

R8_MXM matrix multiplication timing.
  A(LxN) = B(LxM) * C(MxN).
  L = 2000
  M = 2000
  N = 2000
  Floating point OPS roughly -1179869184
  Elapsed time dT = 17.980174
  Rate = MegaOPS/dT = -65.620565

MXM:
  Normal end of execution.

MXM
  C/OpenMP version.

  Matrix multiplication tests.

  Number of processors available = 16
  Number of threads =              18
  Scheduling Policy =              Static
  Chunk Size =                     1

R8_MXM matrix multiplication timing.
  A(LxN) = B(LxM) * C(MxN).
  L = 2000
  M = 2000
  N = 2000
  Floating point OPS roughly -1179869184
  Elapsed time dT = 16.537841
  Rate = MegaOPS/dT = -71.343605

MXM:
  Normal end of execution.

MXM
  C/OpenMP version.

  Matrix multiplication tests.

  Number of processors available = 16
  Number of threads =              18
  Scheduling Policy =              Static
  Chunk Size =                     1

R8_MXM matrix multiplication timing.
  A(LxN) = B(LxM) * C(MxN).
  L = 2000
  M = 2000
  N = 2000
  Floating point OPS roughly -1179869184
  Elapsed time dT = 17.496106
  Rate = MegaOPS/dT = -67.436102

MXM:
  Normal end of execution.

MXM
  C/OpenMP version.

  Matrix multiplication tests.

  Number of processors available = 16
  Number of threads =              18
  Scheduling Policy =              Static
  Chunk Size =                     2

R8_MXM matrix multiplication timing.
  A(LxN) = B(LxM) * C(MxN).
  L = 2000
  M = 2000
  N = 2000
  Floating point OPS roughly -1179869184
  Elapsed time dT = 16.604707
  Rate = MegaOPS/dT = -71.056308

MXM:
  Normal end of execution.

MXM
  C/OpenMP version.

  Matrix multiplication tests.

  Number of processors available = 16
  Number of threads =              18
  Scheduling Policy =              Static
  Chunk Size =                     2

R8_MXM matrix multiplication timing.
  A(LxN) = B(LxM) * C(MxN).
  L = 2000
  M = 2000
  N = 2000
  Floating point OPS roughly -1179869184
  Elapsed time dT = 17.582926
  Rate = MegaOPS/dT = -67.103121

MXM:
  Normal end of execution.

MXM
  C/OpenMP version.

  Matrix multiplication tests.

  Number of processors available = 16
  Number of threads =              18
  Scheduling Policy =              Static
  Chunk Size =                     2

R8_MXM matrix multiplication timing.
  A(LxN) = B(LxM) * C(MxN).
  L = 2000
  M = 2000
  N = 2000
  Floating point OPS roughly -1179869184
  Elapsed time dT = 16.954698
  Rate = MegaOPS/dT = -69.589514

MXM:
  Normal end of execution.

MXM
  C/OpenMP version.

  Matrix multiplication tests.

  Number of processors available = 16
  Number of threads =              18
  Scheduling Policy =              Static
  Chunk Size =                     2

R8_MXM matrix multiplication timing.
  A(LxN) = B(LxM) * C(MxN).
  L = 2000
  M = 2000
  N = 2000
  Floating point OPS roughly -1179869184
  Elapsed time dT = 17.097592
  Rate = MegaOPS/dT = -69.007915

MXM:
  Normal end of execution.

MXM
  C/OpenMP version.

  Matrix multiplication tests.

  Number of processors available = 16
  Number of threads =              18
  Scheduling Policy =              Static
  Chunk Size =                     2

R8_MXM matrix multiplication timing.
  A(LxN) = B(LxM) * C(MxN).
  L = 2000
  M = 2000
  N = 2000
  Floating point OPS roughly -1179869184
  Elapsed time dT = 16.499373
  Rate = MegaOPS/dT = -71.509941

MXM:
  Normal end of execution.

MXM
  C/OpenMP version.

  Matrix multiplication tests.

  Number of processors available = 16
  Number of threads =              18
  Scheduling Policy =              Static
  Chunk Size =                     3

R8_MXM matrix multiplication timing.
  A(LxN) = B(LxM) * C(MxN).
  L = 2000
  M = 2000
  N = 2000
  Floating point OPS roughly -1179869184
  Elapsed time dT = 17.752867
  Rate = MegaOPS/dT = -66.460769

MXM:
  Normal end of execution.

MXM
  C/OpenMP version.

  Matrix multiplication tests.

  Number of processors available = 16
  Number of threads =              18
  Scheduling Policy =              Static
  Chunk Size =                     3

R8_MXM matrix multiplication timing.
  A(LxN) = B(LxM) * C(MxN).
  L = 2000
  M = 2000
  N = 2000
  Floating point OPS roughly -1179869184
  Elapsed time dT = 16.566339
  Rate = MegaOPS/dT = -71.220878

MXM:
  Normal end of execution.

MXM
  C/OpenMP version.

  Matrix multiplication tests.

  Number of processors available = 16
  Number of threads =              18
  Scheduling Policy =              Static
  Chunk Size =                     3

R8_MXM matrix multiplication timing.
  A(LxN) = B(LxM) * C(MxN).
  L = 2000
  M = 2000
  N = 2000
  Floating point OPS roughly -1179869184
  Elapsed time dT = 17.323855
  Rate = MegaOPS/dT = -68.106617

MXM:
  Normal end of execution.

MXM
  C/OpenMP version.

  Matrix multiplication tests.

  Number of processors available = 16
  Number of threads =              18
  Scheduling Policy =              Static
  Chunk Size =                     3

R8_MXM matrix multiplication timing.
  A(LxN) = B(LxM) * C(MxN).
  L = 2000
  M = 2000
  N = 2000
  Floating point OPS roughly -1179869184
  Elapsed time dT = 16.622276
  Rate = MegaOPS/dT = -70.981207

MXM:
  Normal end of execution.

MXM
  C/OpenMP version.

  Matrix multiplication tests.

  Number of processors available = 16
  Number of threads =              18
  Scheduling Policy =              Static
  Chunk Size =                     3

R8_MXM matrix multiplication timing.
  A(LxN) = B(LxM) * C(MxN).
  L = 2000
  M = 2000
  N = 2000
  Floating point OPS roughly -1179869184
  Elapsed time dT = 17.358816
  Rate = MegaOPS/dT = -67.969452

MXM:
  Normal end of execution.

MXM
  C/OpenMP version.

  Matrix multiplication tests.

  Number of processors available = 16
  Number of threads =              18
  Scheduling Policy =              Static
  Chunk Size =                     4

R8_MXM matrix multiplication timing.
  A(LxN) = B(LxM) * C(MxN).
  L = 2000
  M = 2000
  N = 2000
  Floating point OPS roughly -1179869184
  Elapsed time dT = 17.059200
  Rate = MegaOPS/dT = -69.163218

MXM:
  Normal end of execution.

MXM
  C/OpenMP version.

  Matrix multiplication tests.

  Number of processors available = 16
  Number of threads =              18
  Scheduling Policy =              Static
  Chunk Size =                     4

R8_MXM matrix multiplication timing.
  A(LxN) = B(LxM) * C(MxN).
  L = 2000
  M = 2000
  N = 2000
  Floating point OPS roughly -1179869184
  Elapsed time dT = 17.476620
  Rate = MegaOPS/dT = -67.511292

MXM:
  Normal end of execution.

MXM
  C/OpenMP version.

  Matrix multiplication tests.

  Number of processors available = 16
  Number of threads =              18
  Scheduling Policy =              Static
  Chunk Size =                     4

R8_MXM matrix multiplication timing.
  A(LxN) = B(LxM) * C(MxN).
  L = 2000
  M = 2000
  N = 2000
  Floating point OPS roughly -1179869184
  Elapsed time dT = 17.403121
  Rate = MegaOPS/dT = -67.796412

MXM:
  Normal end of execution.

MXM
  C/OpenMP version.

  Matrix multiplication tests.

  Number of processors available = 16
  Number of threads =              18
  Scheduling Policy =              Static
  Chunk Size =                     4

R8_MXM matrix multiplication timing.
  A(LxN) = B(LxM) * C(MxN).
  L = 2000
  M = 2000
  N = 2000
  Floating point OPS roughly -1179869184
  Elapsed time dT = 15.857430
  Rate = MegaOPS/dT = -74.404817

MXM:
  Normal end of execution.

MXM
  C/OpenMP version.

  Matrix multiplication tests.

  Number of processors available = 16
  Number of threads =              18
  Scheduling Policy =              Static
  Chunk Size =                     4

R8_MXM matrix multiplication timing.
  A(LxN) = B(LxM) * C(MxN).
  L = 2000
  M = 2000
  N = 2000
  Floating point OPS roughly -1179869184
  Elapsed time dT = 18.108104
  Rate = MegaOPS/dT = -65.156970

MXM:
  Normal end of execution.

MXM
  C/OpenMP version.

  Matrix multiplication tests.

  Number of processors available = 16
  Number of threads =              18
  Scheduling Policy =              Static
  Chunk Size =                     5

R8_MXM matrix multiplication timing.
  A(LxN) = B(LxM) * C(MxN).
  L = 2000
  M = 2000
  N = 2000
  Floating point OPS roughly -1179869184
  Elapsed time dT = 16.579546
  Rate = MegaOPS/dT = -71.164141

MXM:
  Normal end of execution.

MXM
  C/OpenMP version.

  Matrix multiplication tests.

  Number of processors available = 16
  Number of threads =              18
  Scheduling Policy =              Static
  Chunk Size =                     5

R8_MXM matrix multiplication timing.
  A(LxN) = B(LxM) * C(MxN).
  L = 2000
  M = 2000
  N = 2000
  Floating point OPS roughly -1179869184
  Elapsed time dT = 17.103162
  Rate = MegaOPS/dT = -68.985443

MXM:
  Normal end of execution.

MXM
  C/OpenMP version.

  Matrix multiplication tests.

  Number of processors available = 16
  Number of threads =              18
  Scheduling Policy =              Static
  Chunk Size =                     5

R8_MXM matrix multiplication timing.
  A(LxN) = B(LxM) * C(MxN).
  L = 2000
  M = 2000
  N = 2000
  Floating point OPS roughly -1179869184
  Elapsed time dT = 16.265861
  Rate = MegaOPS/dT = -72.536535

MXM:
  Normal end of execution.

MXM
  C/OpenMP version.

  Matrix multiplication tests.

  Number of processors available = 16
  Number of threads =              18
  Scheduling Policy =              Static
  Chunk Size =                     5

R8_MXM matrix multiplication timing.
  A(LxN) = B(LxM) * C(MxN).
  L = 2000
  M = 2000
  N = 2000
  Floating point OPS roughly -1179869184
  Elapsed time dT = 17.491475
  Rate = MegaOPS/dT = -67.453957

MXM:
  Normal end of execution.

MXM
  C/OpenMP version.

  Matrix multiplication tests.

  Number of processors available = 16
  Number of threads =              18
  Scheduling Policy =              Static
  Chunk Size =                     5

R8_MXM matrix multiplication timing.
  A(LxN) = B(LxM) * C(MxN).
  L = 2000
  M = 2000
  N = 2000
  Floating point OPS roughly -1179869184
  Elapsed time dT = 17.112901
  Rate = MegaOPS/dT = -68.946183

MXM:
  Normal end of execution.

MXM
  C/OpenMP version.

  Matrix multiplication tests.

  Number of processors available = 16
  Number of threads =              18
  Scheduling Policy =              Static
  Chunk Size =                     10

R8_MXM matrix multiplication timing.
  A(LxN) = B(LxM) * C(MxN).
  L = 2000
  M = 2000
  N = 2000
  Floating point OPS roughly -1179869184
  Elapsed time dT = 15.549173
  Rate = MegaOPS/dT = -75.879866

MXM:
  Normal end of execution.

MXM
  C/OpenMP version.

  Matrix multiplication tests.

  Number of processors available = 16
  Number of threads =              18
  Scheduling Policy =              Static
  Chunk Size =                     10

R8_MXM matrix multiplication timing.
  A(LxN) = B(LxM) * C(MxN).
  L = 2000
  M = 2000
  N = 2000
  Floating point OPS roughly -1179869184
  Elapsed time dT = 17.528273
  Rate = MegaOPS/dT = -67.312347

MXM:
  Normal end of execution.

MXM
  C/OpenMP version.

  Matrix multiplication tests.

  Number of processors available = 16
  Number of threads =              18
  Scheduling Policy =              Static
  Chunk Size =                     10

R8_MXM matrix multiplication timing.
  A(LxN) = B(LxM) * C(MxN).
  L = 2000
  M = 2000
  N = 2000
  Floating point OPS roughly -1179869184
  Elapsed time dT = 16.058251
  Rate = MegaOPS/dT = -73.474329

MXM:
  Normal end of execution.

MXM
  C/OpenMP version.

  Matrix multiplication tests.

  Number of processors available = 16
  Number of threads =              18
  Scheduling Policy =              Static
  Chunk Size =                     10

R8_MXM matrix multiplication timing.
  A(LxN) = B(LxM) * C(MxN).
  L = 2000
  M = 2000
  N = 2000
  Floating point OPS roughly -1179869184
  Elapsed time dT = 17.289508
  Rate = MegaOPS/dT = -68.241920

MXM:
  Normal end of execution.

MXM
  C/OpenMP version.

  Matrix multiplication tests.

  Number of processors available = 16
  Number of threads =              18
  Scheduling Policy =              Static
  Chunk Size =                     10

R8_MXM matrix multiplication timing.
  A(LxN) = B(LxM) * C(MxN).
  L = 2000
  M = 2000
  N = 2000
  Floating point OPS roughly -1179869184
  Elapsed time dT = 17.382428
  Rate = MegaOPS/dT = -67.877122

MXM:
  Normal end of execution.

MXM
  C/OpenMP version.

  Matrix multiplication tests.

  Number of processors available = 16
  Number of threads =              18
  Scheduling Policy =              Static
  Chunk Size =                     20

R8_MXM matrix multiplication timing.
  A(LxN) = B(LxM) * C(MxN).
  L = 2000
  M = 2000
  N = 2000
  Floating point OPS roughly -1179869184
  Elapsed time dT = 16.299184
  Rate = MegaOPS/dT = -72.388238

MXM:
  Normal end of execution.

MXM
  C/OpenMP version.

  Matrix multiplication tests.

  Number of processors available = 16
  Number of threads =              18
  Scheduling Policy =              Static
  Chunk Size =                     20

R8_MXM matrix multiplication timing.
  A(LxN) = B(LxM) * C(MxN).
  L = 2000
  M = 2000
  N = 2000
  Floating point OPS roughly -1179869184
  Elapsed time dT = 17.391231
  Rate = MegaOPS/dT = -67.842765

MXM:
  Normal end of execution.

MXM
  C/OpenMP version.

  Matrix multiplication tests.

  Number of processors available = 16
  Number of threads =              18
  Scheduling Policy =              Static
  Chunk Size =                     20

R8_MXM matrix multiplication timing.
  A(LxN) = B(LxM) * C(MxN).
  L = 2000
  M = 2000
  N = 2000
  Floating point OPS roughly -1179869184
  Elapsed time dT = 17.830805
  Rate = MegaOPS/dT = -66.170272

MXM:
  Normal end of execution.

MXM
  C/OpenMP version.

  Matrix multiplication tests.

  Number of processors available = 16
  Number of threads =              18
  Scheduling Policy =              Static
  Chunk Size =                     20

R8_MXM matrix multiplication timing.
  A(LxN) = B(LxM) * C(MxN).
  L = 2000
  M = 2000
  N = 2000
  Floating point OPS roughly -1179869184
  Elapsed time dT = 16.053441
  Rate = MegaOPS/dT = -73.496340

MXM:
  Normal end of execution.

MXM
  C/OpenMP version.

  Matrix multiplication tests.

  Number of processors available = 16
  Number of threads =              18
  Scheduling Policy =              Static
  Chunk Size =                     20

R8_MXM matrix multiplication timing.
  A(LxN) = B(LxM) * C(MxN).
  L = 2000
  M = 2000
  N = 2000
  Floating point OPS roughly -1179869184
  Elapsed time dT = 15.986262
  Rate = MegaOPS/dT = -73.805195

MXM:
  Normal end of execution.

MXM
  C/OpenMP version.

  Matrix multiplication tests.

  Number of processors available = 16
  Number of threads =              18
  Scheduling Policy =              Static
  Chunk Size =                     50

R8_MXM matrix multiplication timing.
  A(LxN) = B(LxM) * C(MxN).
  L = 2000
  M = 2000
  N = 2000
  Floating point OPS roughly -1179869184
  Elapsed time dT = 19.205159
  Rate = MegaOPS/dT = -61.435013

MXM:
  Normal end of execution.

MXM
  C/OpenMP version.

  Matrix multiplication tests.

  Number of processors available = 16
  Number of threads =              18
  Scheduling Policy =              Static
  Chunk Size =                     50

R8_MXM matrix multiplication timing.
  A(LxN) = B(LxM) * C(MxN).
  L = 2000
  M = 2000
  N = 2000
  Floating point OPS roughly -1179869184
  Elapsed time dT = 18.291545
  Rate = MegaOPS/dT = -64.503528

MXM:
  Normal end of execution.

MXM
  C/OpenMP version.

  Matrix multiplication tests.

  Number of processors available = 16
  Number of threads =              18
  Scheduling Policy =              Static
  Chunk Size =                     50

R8_MXM matrix multiplication timing.
  A(LxN) = B(LxM) * C(MxN).
  L = 2000
  M = 2000
  N = 2000
  Floating point OPS roughly -1179869184
  Elapsed time dT = 19.871250
  Rate = MegaOPS/dT = -59.375691

MXM:
  Normal end of execution.

MXM
  C/OpenMP version.

  Matrix multiplication tests.

  Number of processors available = 16
  Number of threads =              18
  Scheduling Policy =              Static
  Chunk Size =                     50

R8_MXM matrix multiplication timing.
  A(LxN) = B(LxM) * C(MxN).
  L = 2000
  M = 2000
  N = 2000
  Floating point OPS roughly -1179869184
  Elapsed time dT = 16.896857
  Rate = MegaOPS/dT = -69.827732

MXM:
  Normal end of execution.

MXM
  C/OpenMP version.

  Matrix multiplication tests.

  Number of processors available = 16
  Number of threads =              18
  Scheduling Policy =              Static
  Chunk Size =                     50

R8_MXM matrix multiplication timing.
  A(LxN) = B(LxM) * C(MxN).
  L = 2000
  M = 2000
  N = 2000
  Floating point OPS roughly -1179869184
  Elapsed time dT = 18.723521
  Rate = MegaOPS/dT = -63.015347

MXM:
  Normal end of execution.

MXM
  C/OpenMP version.

  Matrix multiplication tests.

  Number of processors available = 16
  Number of threads =              18
  Scheduling Policy =              Static
  Chunk Size =                     100

R8_MXM matrix multiplication timing.
  A(LxN) = B(LxM) * C(MxN).
  L = 2000
  M = 2000
  N = 2000
  Floating point OPS roughly -1179869184
  Elapsed time dT = 19.611204
  Rate = MegaOPS/dT = -60.163017

MXM:
  Normal end of execution.

MXM
  C/OpenMP version.

  Matrix multiplication tests.

  Number of processors available = 16
  Number of threads =              18
  Scheduling Policy =              Static
  Chunk Size =                     100

R8_MXM matrix multiplication timing.
  A(LxN) = B(LxM) * C(MxN).
  L = 2000
  M = 2000
  N = 2000
  Floating point OPS roughly -1179869184
  Elapsed time dT = 19.230426
  Rate = MegaOPS/dT = -61.354293

MXM:
  Normal end of execution.

MXM
  C/OpenMP version.

  Matrix multiplication tests.

  Number of processors available = 16
  Number of threads =              18
  Scheduling Policy =              Static
  Chunk Size =                     100

R8_MXM matrix multiplication timing.
  A(LxN) = B(LxM) * C(MxN).
  L = 2000
  M = 2000
  N = 2000
  Floating point OPS roughly -1179869184
  Elapsed time dT = 20.156299
  Rate = MegaOPS/dT = -58.536003

MXM:
  Normal end of execution.

MXM
  C/OpenMP version.

  Matrix multiplication tests.

  Number of processors available = 16
  Number of threads =              18
  Scheduling Policy =              Static
  Chunk Size =                     100

R8_MXM matrix multiplication timing.
  A(LxN) = B(LxM) * C(MxN).
  L = 2000
  M = 2000
  N = 2000
  Floating point OPS roughly -1179869184
  Elapsed time dT = 19.864992
  Rate = MegaOPS/dT = -59.394394

MXM:
  Normal end of execution.

MXM
  C/OpenMP version.

  Matrix multiplication tests.

  Number of processors available = 16
  Number of threads =              18
  Scheduling Policy =              Static
  Chunk Size =                     100

R8_MXM matrix multiplication timing.
  A(LxN) = B(LxM) * C(MxN).
  L = 2000
  M = 2000
  N = 2000
  Floating point OPS roughly -1179869184
  Elapsed time dT = 21.818141
  Rate = MegaOPS/dT = -54.077438

MXM:
  Normal end of execution.
