
MXM
  C/OpenMP version.

  Matrix multiplication tests.

  Number of processors available = 16
  Number of threads =              16
  Scheduling Policy =              Static
  Chunk Size =                     1

R8_MXM matrix multiplication timing.
  A(LxN) = B(LxM) * C(MxN).
  L = 2000
  M = 2000
  N = 2000
  Floating point OPS roughly -1179869184
  Elapsed time dT = 18.606273
  Rate = MegaOPS/dT = -63.412442

MXM:
  Normal end of execution.

MXM
  C/OpenMP version.

  Matrix multiplication tests.

  Number of processors available = 16
  Number of threads =              16
  Scheduling Policy =              Static
  Chunk Size =                     1

R8_MXM matrix multiplication timing.
  A(LxN) = B(LxM) * C(MxN).
  L = 2000
  M = 2000
  N = 2000
  Floating point OPS roughly -1179869184
  Elapsed time dT = 14.563506
  Rate = MegaOPS/dT = -81.015462

MXM:
  Normal end of execution.

MXM
  C/OpenMP version.

  Matrix multiplication tests.

  Number of processors available = 16
  Number of threads =              16
  Scheduling Policy =              Static
  Chunk Size =                     1

R8_MXM matrix multiplication timing.
  A(LxN) = B(LxM) * C(MxN).
  L = 2000
  M = 2000
  N = 2000
  Floating point OPS roughly -1179869184
  Elapsed time dT = 14.586485
  Rate = MegaOPS/dT = -80.887836

MXM:
  Normal end of execution.

MXM
  C/OpenMP version.

  Matrix multiplication tests.

  Number of processors available = 16
  Number of threads =              16
  Scheduling Policy =              Static
  Chunk Size =                     1

R8_MXM matrix multiplication timing.
  A(LxN) = B(LxM) * C(MxN).
  L = 2000
  M = 2000
  N = 2000
  Floating point OPS roughly -1179869184
  Elapsed time dT = 14.569822
  Rate = MegaOPS/dT = -80.980342

MXM:
  Normal end of execution.

MXM
  C/OpenMP version.

  Matrix multiplication tests.

  Number of processors available = 16
  Number of threads =              16
  Scheduling Policy =              Static
  Chunk Size =                     1

R8_MXM matrix multiplication timing.
  A(LxN) = B(LxM) * C(MxN).
  L = 2000
  M = 2000
  N = 2000
  Floating point OPS roughly -1179869184
  Elapsed time dT = 17.046774
  Rate = MegaOPS/dT = -69.213633

MXM:
  Normal end of execution.

MXM
  C/OpenMP version.

  Matrix multiplication tests.

  Number of processors available = 16
  Number of threads =              16
  Scheduling Policy =              Static
  Chunk Size =                     2

R8_MXM matrix multiplication timing.
  A(LxN) = B(LxM) * C(MxN).
  L = 2000
  M = 2000
  N = 2000
  Floating point OPS roughly -1179869184
  Elapsed time dT = 14.627108
  Rate = MegaOPS/dT = -80.663187

MXM:
  Normal end of execution.

MXM
  C/OpenMP version.

  Matrix multiplication tests.

  Number of processors available = 16
  Number of threads =              16
  Scheduling Policy =              Static
  Chunk Size =                     2

R8_MXM matrix multiplication timing.
  A(LxN) = B(LxM) * C(MxN).
  L = 2000
  M = 2000
  N = 2000
  Floating point OPS roughly -1179869184
  Elapsed time dT = 14.712775
  Rate = MegaOPS/dT = -80.193519

MXM:
  Normal end of execution.

MXM
  C/OpenMP version.

  Matrix multiplication tests.

  Number of processors available = 16
  Number of threads =              16
  Scheduling Policy =              Static
  Chunk Size =                     2

R8_MXM matrix multiplication timing.
  A(LxN) = B(LxM) * C(MxN).
  L = 2000
  M = 2000
  N = 2000
  Floating point OPS roughly -1179869184
  Elapsed time dT = 14.593430
  Rate = MegaOPS/dT = -80.849343

MXM:
  Normal end of execution.

MXM
  C/OpenMP version.

  Matrix multiplication tests.

  Number of processors available = 16
  Number of threads =              16
  Scheduling Policy =              Static
  Chunk Size =                     2

R8_MXM matrix multiplication timing.
  A(LxN) = B(LxM) * C(MxN).
  L = 2000
  M = 2000
  N = 2000
  Floating point OPS roughly -1179869184
  Elapsed time dT = 14.625150
  Rate = MegaOPS/dT = -80.673988

MXM:
  Normal end of execution.

MXM
  C/OpenMP version.

  Matrix multiplication tests.

  Number of processors available = 16
  Number of threads =              16
  Scheduling Policy =              Static
  Chunk Size =                     2

R8_MXM matrix multiplication timing.
  A(LxN) = B(LxM) * C(MxN).
  L = 2000
  M = 2000
  N = 2000
  Floating point OPS roughly -1179869184
  Elapsed time dT = 14.590747
  Rate = MegaOPS/dT = -80.864205

MXM:
  Normal end of execution.

MXM
  C/OpenMP version.

  Matrix multiplication tests.

  Number of processors available = 16
  Number of threads =              16
  Scheduling Policy =              Static
  Chunk Size =                     3

R8_MXM matrix multiplication timing.
  A(LxN) = B(LxM) * C(MxN).
  L = 2000
  M = 2000
  N = 2000
  Floating point OPS roughly -1179869184
  Elapsed time dT = 16.822571
  Rate = MegaOPS/dT = -70.136082

MXM:
  Normal end of execution.

MXM
  C/OpenMP version.

  Matrix multiplication tests.

  Number of processors available = 16
  Number of threads =              16
  Scheduling Policy =              Static
  Chunk Size =                     3

R8_MXM matrix multiplication timing.
  A(LxN) = B(LxM) * C(MxN).
  L = 2000
  M = 2000
  N = 2000
  Floating point OPS roughly -1179869184
  Elapsed time dT = 17.052499
  Rate = MegaOPS/dT = -69.190397

MXM:
  Normal end of execution.

MXM
  C/OpenMP version.

  Matrix multiplication tests.

  Number of processors available = 16
  Number of threads =              16
  Scheduling Policy =              Static
  Chunk Size =                     3

R8_MXM matrix multiplication timing.
  A(LxN) = B(LxM) * C(MxN).
  L = 2000
  M = 2000
  N = 2000
  Floating point OPS roughly -1179869184
  Elapsed time dT = 14.668165
  Rate = MegaOPS/dT = -80.437410

MXM:
  Normal end of execution.

MXM
  C/OpenMP version.

  Matrix multiplication tests.

  Number of processors available = 16
  Number of threads =              16
  Scheduling Policy =              Static
  Chunk Size =                     3

R8_MXM matrix multiplication timing.
  A(LxN) = B(LxM) * C(MxN).
  L = 2000
  M = 2000
  N = 2000
  Floating point OPS roughly -1179869184
  Elapsed time dT = 14.654710
  Rate = MegaOPS/dT = -80.511260

MXM:
  Normal end of execution.

MXM
  C/OpenMP version.

  Matrix multiplication tests.

  Number of processors available = 16
  Number of threads =              16
  Scheduling Policy =              Static
  Chunk Size =                     3

R8_MXM matrix multiplication timing.
  A(LxN) = B(LxM) * C(MxN).
  L = 2000
  M = 2000
  N = 2000
  Floating point OPS roughly -1179869184
  Elapsed time dT = 14.786488
  Rate = MegaOPS/dT = -79.793739

MXM:
  Normal end of execution.

MXM
  C/OpenMP version.

  Matrix multiplication tests.

  Number of processors available = 16
  Number of threads =              16
  Scheduling Policy =              Static
  Chunk Size =                     4

R8_MXM matrix multiplication timing.
  A(LxN) = B(LxM) * C(MxN).
  L = 2000
  M = 2000
  N = 2000
  Floating point OPS roughly -1179869184
  Elapsed time dT = 14.714380
  Rate = MegaOPS/dT = -80.184770

MXM:
  Normal end of execution.

MXM
  C/OpenMP version.

  Matrix multiplication tests.

  Number of processors available = 16
  Number of threads =              16
  Scheduling Policy =              Static
  Chunk Size =                     4

R8_MXM matrix multiplication timing.
  A(LxN) = B(LxM) * C(MxN).
  L = 2000
  M = 2000
  N = 2000
  Floating point OPS roughly -1179869184
  Elapsed time dT = 14.721667
  Rate = MegaOPS/dT = -80.145083

MXM:
  Normal end of execution.

MXM
  C/OpenMP version.

  Matrix multiplication tests.

  Number of processors available = 16
  Number of threads =              16
  Scheduling Policy =              Static
  Chunk Size =                     4

R8_MXM matrix multiplication timing.
  A(LxN) = B(LxM) * C(MxN).
  L = 2000
  M = 2000
  N = 2000
  Floating point OPS roughly -1179869184
  Elapsed time dT = 14.705398
  Rate = MegaOPS/dT = -80.233747

MXM:
  Normal end of execution.

MXM
  C/OpenMP version.

  Matrix multiplication tests.

  Number of processors available = 16
  Number of threads =              16
  Scheduling Policy =              Static
  Chunk Size =                     4

R8_MXM matrix multiplication timing.
  A(LxN) = B(LxM) * C(MxN).
  L = 2000
  M = 2000
  N = 2000
  Floating point OPS roughly -1179869184
  Elapsed time dT = 16.133003
  Rate = MegaOPS/dT = -73.133884

MXM:
  Normal end of execution.

MXM
  C/OpenMP version.

  Matrix multiplication tests.

  Number of processors available = 16
  Number of threads =              16
  Scheduling Policy =              Static
  Chunk Size =                     4

R8_MXM matrix multiplication timing.
  A(LxN) = B(LxM) * C(MxN).
  L = 2000
  M = 2000
  N = 2000
  Floating point OPS roughly -1179869184
  Elapsed time dT = 14.690208
  Rate = MegaOPS/dT = -80.316710

MXM:
  Normal end of execution.

MXM
  C/OpenMP version.

  Matrix multiplication tests.

  Number of processors available = 16
  Number of threads =              16
  Scheduling Policy =              Static
  Chunk Size =                     5

R8_MXM matrix multiplication timing.
  A(LxN) = B(LxM) * C(MxN).
  L = 2000
  M = 2000
  N = 2000
  Floating point OPS roughly -1179869184
  Elapsed time dT = 14.546208
  Rate = MegaOPS/dT = -81.111806

MXM:
  Normal end of execution.

MXM
  C/OpenMP version.

  Matrix multiplication tests.

  Number of processors available = 16
  Number of threads =              16
  Scheduling Policy =              Static
  Chunk Size =                     5

R8_MXM matrix multiplication timing.
  A(LxN) = B(LxM) * C(MxN).
  L = 2000
  M = 2000
  N = 2000
  Floating point OPS roughly -1179869184
  Elapsed time dT = 14.562004
  Rate = MegaOPS/dT = -81.023819

MXM:
  Normal end of execution.

MXM
  C/OpenMP version.

  Matrix multiplication tests.

  Number of processors available = 16
  Number of threads =              16
  Scheduling Policy =              Static
  Chunk Size =                     5

R8_MXM matrix multiplication timing.
  A(LxN) = B(LxM) * C(MxN).
  L = 2000
  M = 2000
  N = 2000
  Floating point OPS roughly -1179869184
  Elapsed time dT = 14.578348
  Rate = MegaOPS/dT = -80.932981

MXM:
  Normal end of execution.

MXM
  C/OpenMP version.

  Matrix multiplication tests.

  Number of processors available = 16
  Number of threads =              16
  Scheduling Policy =              Static
  Chunk Size =                     5

R8_MXM matrix multiplication timing.
  A(LxN) = B(LxM) * C(MxN).
  L = 2000
  M = 2000
  N = 2000
  Floating point OPS roughly -1179869184
  Elapsed time dT = 14.570017
  Rate = MegaOPS/dT = -80.979257

MXM:
  Normal end of execution.

MXM
  C/OpenMP version.

  Matrix multiplication tests.

  Number of processors available = 16
  Number of threads =              16
  Scheduling Policy =              Static
  Chunk Size =                     5

R8_MXM matrix multiplication timing.
  A(LxN) = B(LxM) * C(MxN).
  L = 2000
  M = 2000
  N = 2000
  Floating point OPS roughly -1179869184
  Elapsed time dT = 17.309520
  Rate = MegaOPS/dT = -68.163022

MXM:
  Normal end of execution.

MXM
  C/OpenMP version.

  Matrix multiplication tests.

  Number of processors available = 16
  Number of threads =              16
  Scheduling Policy =              Static
  Chunk Size =                     10

R8_MXM matrix multiplication timing.
  A(LxN) = B(LxM) * C(MxN).
  L = 2000
  M = 2000
  N = 2000
  Floating point OPS roughly -1179869184
  Elapsed time dT = 15.069202
  Rate = MegaOPS/dT = -78.296728

MXM:
  Normal end of execution.

MXM
  C/OpenMP version.

  Matrix multiplication tests.

  Number of processors available = 16
  Number of threads =              16
  Scheduling Policy =              Static
  Chunk Size =                     10

R8_MXM matrix multiplication timing.
  A(LxN) = B(LxM) * C(MxN).
  L = 2000
  M = 2000
  N = 2000
  Floating point OPS roughly -1179869184
  Elapsed time dT = 14.824699
  Rate = MegaOPS/dT = -79.588073

MXM:
  Normal end of execution.

MXM
  C/OpenMP version.

  Matrix multiplication tests.

  Number of processors available = 16
  Number of threads =              16
  Scheduling Policy =              Static
  Chunk Size =                     10

R8_MXM matrix multiplication timing.
  A(LxN) = B(LxM) * C(MxN).
  L = 2000
  M = 2000
  N = 2000
  Floating point OPS roughly -1179869184
  Elapsed time dT = 14.874570
  Rate = MegaOPS/dT = -79.321227

MXM:
  Normal end of execution.

MXM
  C/OpenMP version.

  Matrix multiplication tests.

  Number of processors available = 16
  Number of threads =              16
  Scheduling Policy =              Static
  Chunk Size =                     10

R8_MXM matrix multiplication timing.
  A(LxN) = B(LxM) * C(MxN).
  L = 2000
  M = 2000
  N = 2000
  Floating point OPS roughly -1179869184
  Elapsed time dT = 14.623496
  Rate = MegaOPS/dT = -80.683114

MXM:
  Normal end of execution.

MXM
  C/OpenMP version.

  Matrix multiplication tests.

  Number of processors available = 16
  Number of threads =              16
  Scheduling Policy =              Static
  Chunk Size =                     10

R8_MXM matrix multiplication timing.
  A(LxN) = B(LxM) * C(MxN).
  L = 2000
  M = 2000
  N = 2000
  Floating point OPS roughly -1179869184
  Elapsed time dT = 15.381590
  Rate = MegaOPS/dT = -76.706580

MXM:
  Normal end of execution.

MXM
  C/OpenMP version.

  Matrix multiplication tests.

  Number of processors available = 16
  Number of threads =              16
  Scheduling Policy =              Static
  Chunk Size =                     20

R8_MXM matrix multiplication timing.
  A(LxN) = B(LxM) * C(MxN).
  L = 2000
  M = 2000
  N = 2000
  Floating point OPS roughly -1179869184
  Elapsed time dT = 15.223704
  Rate = MegaOPS/dT = -77.502108

MXM:
  Normal end of execution.

MXM
  C/OpenMP version.

  Matrix multiplication tests.

  Number of processors available = 16
  Number of threads =              16
  Scheduling Policy =              Static
  Chunk Size =                     20

R8_MXM matrix multiplication timing.
  A(LxN) = B(LxM) * C(MxN).
  L = 2000
  M = 2000
  N = 2000
  Floating point OPS roughly -1179869184
  Elapsed time dT = 15.382162
  Rate = MegaOPS/dT = -76.703728

MXM:
  Normal end of execution.

MXM
  C/OpenMP version.

  Matrix multiplication tests.

  Number of processors available = 16
  Number of threads =              16
  Scheduling Policy =              Static
  Chunk Size =                     20

R8_MXM matrix multiplication timing.
  A(LxN) = B(LxM) * C(MxN).
  L = 2000
  M = 2000
  N = 2000
  Floating point OPS roughly -1179869184
  Elapsed time dT = 15.186284
  Rate = MegaOPS/dT = -77.693082

MXM:
  Normal end of execution.

MXM
  C/OpenMP version.

  Matrix multiplication tests.

  Number of processors available = 16
  Number of threads =              16
  Scheduling Policy =              Static
  Chunk Size =                     20

R8_MXM matrix multiplication timing.
  A(LxN) = B(LxM) * C(MxN).
  L = 2000
  M = 2000
  N = 2000
  Floating point OPS roughly -1179869184
  Elapsed time dT = 15.203299
  Rate = MegaOPS/dT = -77.606129

MXM:
  Normal end of execution.

MXM
  C/OpenMP version.

  Matrix multiplication tests.

  Number of processors available = 16
  Number of threads =              16
  Scheduling Policy =              Static
  Chunk Size =                     20

R8_MXM matrix multiplication timing.
  A(LxN) = B(LxM) * C(MxN).
  L = 2000
  M = 2000
  N = 2000
  Floating point OPS roughly -1179869184
  Elapsed time dT = 15.536034
  Rate = MegaOPS/dT = -75.944041

MXM:
  Normal end of execution.

MXM
  C/OpenMP version.

  Matrix multiplication tests.

  Number of processors available = 16
  Number of threads =              16
  Scheduling Policy =              Static
  Chunk Size =                     50

R8_MXM matrix multiplication timing.
  A(LxN) = B(LxM) * C(MxN).
  L = 2000
  M = 2000
  N = 2000
  Floating point OPS roughly -1179869184
  Elapsed time dT = 16.203188
  Rate = MegaOPS/dT = -72.817103

MXM:
  Normal end of execution.

MXM
  C/OpenMP version.

  Matrix multiplication tests.

  Number of processors available = 16
  Number of threads =              16
  Scheduling Policy =              Static
  Chunk Size =                     50

R8_MXM matrix multiplication timing.
  A(LxN) = B(LxM) * C(MxN).
  L = 2000
  M = 2000
  N = 2000
  Floating point OPS roughly -1179869184
  Elapsed time dT = 16.059459
  Rate = MegaOPS/dT = -73.468800

MXM:
  Normal end of execution.

MXM
  C/OpenMP version.

  Matrix multiplication tests.

  Number of processors available = 16
  Number of threads =              16
  Scheduling Policy =              Static
  Chunk Size =                     50

R8_MXM matrix multiplication timing.
  A(LxN) = B(LxM) * C(MxN).
  L = 2000
  M = 2000
  N = 2000
  Floating point OPS roughly -1179869184
  Elapsed time dT = 15.496282
  Rate = MegaOPS/dT = -76.138854

MXM:
  Normal end of execution.

MXM
  C/OpenMP version.

  Matrix multiplication tests.

  Number of processors available = 16
  Number of threads =              16
  Scheduling Policy =              Static
  Chunk Size =                     50

R8_MXM matrix multiplication timing.
  A(LxN) = B(LxM) * C(MxN).
  L = 2000
  M = 2000
  N = 2000
  Floating point OPS roughly -1179869184
  Elapsed time dT = 18.316923
  Rate = MegaOPS/dT = -64.414159

MXM:
  Normal end of execution.

MXM
  C/OpenMP version.

  Matrix multiplication tests.

  Number of processors available = 16
  Number of threads =              16
  Scheduling Policy =              Static
  Chunk Size =                     50

R8_MXM matrix multiplication timing.
  A(LxN) = B(LxM) * C(MxN).
  L = 2000
  M = 2000
  N = 2000
  Floating point OPS roughly -1179869184
  Elapsed time dT = 16.299587
  Rate = MegaOPS/dT = -72.386448

MXM:
  Normal end of execution.

MXM
  C/OpenMP version.

  Matrix multiplication tests.

  Number of processors available = 16
  Number of threads =              16
  Scheduling Policy =              Static
  Chunk Size =                     100

R8_MXM matrix multiplication timing.
  A(LxN) = B(LxM) * C(MxN).
  L = 2000
  M = 2000
  N = 2000
  Floating point OPS roughly -1179869184
  Elapsed time dT = 19.476610
  Rate = MegaOPS/dT = -60.578776

MXM:
  Normal end of execution.

MXM
  C/OpenMP version.

  Matrix multiplication tests.

  Number of processors available = 16
  Number of threads =              16
  Scheduling Policy =              Static
  Chunk Size =                     100

R8_MXM matrix multiplication timing.
  A(LxN) = B(LxM) * C(MxN).
  L = 2000
  M = 2000
  N = 2000
  Floating point OPS roughly -1179869184
  Elapsed time dT = 17.698133
  Rate = MegaOPS/dT = -66.666306

MXM:
  Normal end of execution.

MXM
  C/OpenMP version.

  Matrix multiplication tests.

  Number of processors available = 16
  Number of threads =              16
  Scheduling Policy =              Static
  Chunk Size =                     100

R8_MXM matrix multiplication timing.
  A(LxN) = B(LxM) * C(MxN).
  L = 2000
  M = 2000
  N = 2000
  Floating point OPS roughly -1179869184
  Elapsed time dT = 18.738228
  Rate = MegaOPS/dT = -62.965888

MXM:
  Normal end of execution.

MXM
  C/OpenMP version.

  Matrix multiplication tests.

  Number of processors available = 16
  Number of threads =              16
  Scheduling Policy =              Static
  Chunk Size =                     100

R8_MXM matrix multiplication timing.
  A(LxN) = B(LxM) * C(MxN).
  L = 2000
  M = 2000
  N = 2000
  Floating point OPS roughly -1179869184
  Elapsed time dT = 18.913200
  Rate = MegaOPS/dT = -62.383371

MXM:
  Normal end of execution.

MXM
  C/OpenMP version.

  Matrix multiplication tests.

  Number of processors available = 16
  Number of threads =              16
  Scheduling Policy =              Static
  Chunk Size =                     100

R8_MXM matrix multiplication timing.
  A(LxN) = B(LxM) * C(MxN).
  L = 2000
  M = 2000
  N = 2000
  Floating point OPS roughly -1179869184
  Elapsed time dT = 17.761662
  Rate = MegaOPS/dT = -66.427859

MXM:
  Normal end of execution.
